#
# There is insufficient memory for the Java Runtime Environment to continue.
# Native memory allocation (mmap) failed to map 84410368 bytes for committing reserved memory.
# Possible reasons:
#   The system is out of physical RAM or swap space
#   In 32 bit mode, the process size limit was hit
# Possible solutions:
#   Reduce memory load on the system
#   Increase physical memory or swap space
#   Check if swap backing store is full
#   Use 64 bit Java on a 64 bit OS
#   Decrease Java heap size (-Xmx/-Xms)
#   Decrease number of Java threads
#   Decrease Java thread stack sizes (-Xss)
#   Set larger code cache with -XX:ReservedCodeCacheSize=
# This output file may be truncated or incomplete.
#
#  Out of Memory Error (os_linux.cpp:2673), pid=28707, tid=1710226240
#
# JRE version: Java(TM) SE Runtime Environment (8.0_45-b14) (build 1.8.0_45-b14)
# Java VM: Java HotSpot(TM) Server VM (25.45-b02 mixed mode linux-x86 )
# Failed to write core dump. Core dumps have been disabled. To enable core dumping, try "ulimit -c unlimited" before starting Java again
#

---------------  T H R E A D  ---------------

Current thread (0x65f80c00):  VMThread [stack: 0x65e7f000,0x65f00000] [id=28723]

Stack: [0x65e7f000,0x65f00000],  sp=0x65efe6b0,  free space=509k
Native frames: (J=compiled Java code, j=interpreted, Vv=VM code, C=native code)
V  [libjvm.so+0x8c1ecf]  VMError::report_and_die()+0x16f
V  [libjvm.so+0x386495]  report_vm_out_of_memory(char const*, int, unsigned int, VMErrorType, char const*)+0x55
V  [libjvm.so+0x7467a6]  os::Linux::commit_memory_impl(char*, unsigned int, bool)+0xe6
V  [libjvm.so+0x746bc8]  os::pd_commit_memory(char*, unsigned int, unsigned int, bool)+0x28
V  [libjvm.so+0x7402ec]  os::commit_memory(char*, unsigned int, unsigned int, bool)+0x2c
V  [libjvm.so+0x7aa598]  PSVirtualSpace::expand_by(unsigned int)+0x48
V  [libjvm.so+0x7ab69a]  PSYoungGen::resize_generation(unsigned int, unsigned int)+0xda
V  [libjvm.so+0x7aa9c9]  PSYoungGen::resize(unsigned int, unsigned int)+0x19
V  [libjvm.so+0x7a82ed]  PSScavenge::invoke_no_policy()+0xd4d
V  [libjvm.so+0x7a8ab8]  PSScavenge::invoke()+0x28
V  [libjvm.so+0x767d8a]  ParallelScavengeHeap::failed_mem_allocate(unsigned int)+0x5a
V  [libjvm.so+0x8c379a]  VM_ParallelGCFailedAllocation::doit()+0x7a
V  [libjvm.so+0x8cc9b7]  VM_Operation::evaluate()+0x47
V  [libjvm.so+0x8caa93]  VMThread::evaluate_operation(VM_Operation*)+0xb3
V  [libjvm.so+0x8cae30]  VMThread::loop()+0x1b0
V  [libjvm.so+0x8cb295]  VMThread::run()+0x85
V  [libjvm.so+0x749049]  java_start(Thread*)+0x119
C  [libpthread.so.0+0x61aa]  start_thread+0xda

VM_Operation (0xb66e7d04): ParallelGCFailedAllocation, mode: safepoint, requested by thread 0xb6509c00


---------------  P R O C E S S  ---------------

Java Threads: ( => current thread )
  0x65540000 JavaThread "Keep-Alive-Timer" daemon [_thread_blocked, id=28775, stack(0x63baf000,0x63c00000)]
  0x6546e400 JavaThread "C3P0PooledConnectionPoolManager[identityToken->z8kfsx9acrw1ux1lft91q|19614be]-HelperThread-#2" daemon [_thread_blocked, id=28757, stack(0x6474c000,0x6479d000)]
  0x6546d400 JavaThread "C3P0PooledConnectionPoolManager[identityToken->z8kfsx9acrw1ux1lft91q|19614be]-HelperThread-#1" daemon [_thread_blocked, id=28756, stack(0x6479d000,0x647ee000)]
  0x6546c000 JavaThread "C3P0PooledConnectionPoolManager[identityToken->z8kfsx9acrw1ux1lft91q|19614be]-HelperThread-#0" daemon [_thread_blocked, id=28755, stack(0x647ee000,0x6483f000)]
  0x6546b800 JavaThread "C3P0PooledConnectionPoolManager[identityToken->z8kfsx9acrw1ux1lft91q|19614be]-AdminTaskTimer" daemon [_thread_blocked, id=28754, stack(0x65601000,0x65652000)]
  0x653e7400 JavaThread "Abandoned connection cleanup thread" daemon [_thread_blocked, id=28751, stack(0x65652000,0x656a3000)]
  0x65fb7800 JavaThread "Service Thread" daemon [_thread_blocked, id=28739, stack(0x658db000,0x6592c000)]
  0x65fb3400 JavaThread "C1 CompilerThread2" daemon [_thread_blocked, id=28738, stack(0x6592c000,0x659ad000)]
  0x65fb2000 JavaThread "C2 CompilerThread1" daemon [_thread_blocked, id=28737, stack(0x659ad000,0x65a2e000)]
  0x65fb0000 JavaThread "C2 CompilerThread0" daemon [_thread_blocked, id=28736, stack(0x65a2e000,0x65aaf000)]
  0x65d00800 JavaThread "JDWP Command Reader" daemon [_thread_in_native, id=28732, stack(0x65aaf000,0x65b00000)]
  0x65fae400 JavaThread "JDWP Event Helper Thread" daemon [_thread_blocked, id=28730, stack(0x65c0d000,0x65c5e000)]
  0x65faac00 JavaThread "JDWP Transport Listener: dt_socket" daemon [_thread_blocked, id=28729, stack(0x65c5e000,0x65caf000)]
  0x65fa2000 JavaThread "Signal Dispatcher" daemon [_thread_blocked, id=28727, stack(0x65caf000,0x65d00000)]
  0x65f85800 JavaThread "Finalizer" daemon [_thread_blocked, id=28725, stack(0x65e2e000,0x65e7f000)]
  0x65f84000 JavaThread "Reference Handler" daemon [_thread_blocked, id=28724, stack(0x68a2e000,0x68a7f000)]
  0xb6509c00 JavaThread "main" [_thread_blocked, id=28717, stack(0xb6698000,0xb66e9000)]

Other Threads:
=>0x65f80c00 VMThread [stack: 0x65e7f000,0x65f00000] [id=28723]
  0x65fb9400 WatcherThread [stack: 0x6585a000,0x658db000] [id=28740]

VM state:at safepoint (normal execution)

VM Mutex/Monitor currently owned by a thread:  ([mutex/lock_event])
[0xb6507428] Threads_lock - owner thread: 0x65f80c00
[0xb6507838] Heap_lock - owner thread: 0xb6509c00

Heap:
 PSYoungGen      total 212736K, used 242K [0x92380000, 0x9f9c0000, 0xa6c00000)
  eden space 206080K, 0% used [0x92380000,0x92380000,0x9ecc0000)
  from space 6656K, 3% used [0x9ecc0000,0x9ecfc8e8,0x9f340000)
  to   space 6400K, 0% used [0x9f380000,0x9f380000,0x9f9c0000)
 ParOldGen       total 42496K, used 11724K [0x69200000, 0x6bb80000, 0x92380000)
  object space 42496K, 27% used [0x69200000,0x69d733c0,0x6bb80000)
 Metaspace       used 15105K, capacity 15263K, committed 15384K, reserved 15664K

Card table byte_map: [0x69012000,0x69200000] byte_map_base: 0x68cc9000

Marking Bits: (ParMarkBitMap*) 0xb7126960
 Begin Bits: [0x66a30000, 0x67998000)
 End Bits:   [0x67998000, 0x68900000)

Polling page: 0xb7745000

CodeCache: size=245760Kb used=4290Kb max_used=4366Kb free=241469Kb
 bounds [0xa71a6000, 0xa75ee000, 0xb61a6000]
 total_blobs=1894 nmethods=1695 adapters=121
 compilation: enabled

Compilation events (10 events):
Event: 15,633 Thread 0x65fb3400 nmethod 1758 0xa75cf808 code [0xa75cf9c0, 0xa75d0070]
Event: 15,696 Thread 0x65fb3400 1763       3       sun.reflect.FieldAccessorImpl::<init> (5 bytes)
Event: 15,696 Thread 0x65fb3400 nmethod 1763 0xa75cf4c8 code [0xa75cf5e0, 0xa75cf740]
Event: 15,766 Thread 0x65fb0000 nmethod 1754 0xa75e1348 code [0xa75e18e0, 0xa75e55d4]
Event: 15,819 Thread 0x65fb3400 1764       3       java.lang.Class::getConstructor0 (103 bytes)
Event: 15,821 Thread 0x65fb3400 nmethod 1764 0xa75df448 code [0xa75df700, 0xa75e0770]
Event: 15,954 Thread 0x65fb3400 1765       3       java.lang.reflect.Field::getFieldAccessor (16 bytes)
Event: 15,954 Thread 0x65fb3400 nmethod 1765 0xa75d1488 code [0xa75d15a0, 0xa75d16c0]
Event: 26,665 Thread 0x65fb2000 1766       4       java.lang.ref.ReferenceQueue::reallyPoll (66 bytes)
Event: 26,667 Thread 0x65fb2000 nmethod 1766 0xa75cf288 code [0xa75cf380, 0xa75cf470]

GC Heap History (10 events):
Event: 27,186 GC heap after
Heap after GC invocations=12 (full 0):
 PSYoungGen      total 87552K, used 354K [0x92380000, 0x98080000, 0xa6c00000)
  eden space 80384K, 0% used [0x92380000,0x92380000,0x97200000)
  from space 7168K, 4% used [0x97980000,0x979d8930,0x98080000)
  to   space 7424K, 0% used [0x97200000,0x97200000,0x97940000)
 ParOldGen       total 42496K, used 11469K [0x69200000, 0x6bb80000, 0x92380000)
  object space 42496K, 26% used [0x69200000,0x69d33620,0x6bb80000)
 Metaspace       used 15100K, capacity 15263K, committed 15384K, reserved 15664K
}
Event: 27,303 GC heap before
{Heap before GC invocations=13 (full 0):
 PSYoungGen      total 87552K, used 80622K [0x92380000, 0x98080000, 0xa6c00000)
  eden space 80384K, 99% used [0x92380000,0x971e31e0,0x97200000)
  from space 7168K, 4% used [0x97980000,0x979d8930,0x98080000)
  to   space 7424K, 0% used [0x97200000,0x97200000,0x97940000)
 ParOldGen       total 42496K, used 11469K [0x69200000, 0x6bb80000, 0x92380000)
  object space 42496K, 26% used [0x69200000,0x69d33620,0x6bb80000)
 Metaspace       used 15100K, capacity 15263K, committed 15384K, reserved 15664K
Event: 27,305 GC heap after
Heap after GC invocations=13 (full 0):
 PSYoungGen      total 87808K, used 170K [0x92380000, 0x9afc0000, 0xa6c00000)
  eden space 80384K, 0% used [0x92380000,0x92380000,0x97200000)
  from space 7424K, 2% used [0x97200000,0x9722ab40,0x97940000)
  to   space 7424K, 0% used [0x9a880000,0x9a880000,0x9afc0000)
 ParOldGen       total 42496K, used 11469K [0x69200000, 0x6bb80000, 0x92380000)
  object space 42496K, 26% used [0x69200000,0x69d33620,0x6bb80000)
 Metaspace       used 15100K, capacity 15263K, committed 15384K, reserved 15664K
}
Event: 27,370 GC heap before
{Heap before GC invocations=14 (full 0):
 PSYoungGen      total 87808K, used 80517K [0x92380000, 0x9afc0000, 0xa6c00000)
  eden space 80384K, 99% used [0x92380000,0x971f6c70,0x97200000)
  from space 7424K, 2% used [0x97200000,0x9722ab40,0x97940000)
  to   space 7424K, 0% used [0x9a880000,0x9a880000,0x9afc0000)
 ParOldGen       total 42496K, used 11469K [0x69200000, 0x6bb80000, 0x92380000)
  object space 42496K, 26% used [0x69200000,0x69d33620,0x6bb80000)
 Metaspace       used 15100K, capacity 15263K, committed 15384K, reserved 15664K
Event: 27,371 GC heap after
Heap after GC invocations=14 (full 0):
 PSYoungGen      total 135680K, used 188K [0x92380000, 0x9af40000, 0xa6c00000)
  eden space 128768K, 0% used [0x92380000,0x92380000,0x9a140000)
  from space 6912K, 2% used [0x9a880000,0x9a8af360,0x9af40000)
  to   space 7168K, 0% used [0x9a140000,0x9a140000,0x9a840000)
 ParOldGen       total 42496K, used 11469K [0x69200000, 0x6bb80000, 0x92380000)
  object space 42496K, 26% used [0x69200000,0x69d33620,0x6bb80000)
 Metaspace       used 15100K, capacity 15263K, committed 15384K, reserved 15664K
}
Event: 30,886 GC heap before
{Heap before GC invocations=15 (full 0):
 PSYoungGen      total 135680K, used 128936K [0x92380000, 0x9af40000, 0xa6c00000)
  eden space 128768K, 99% used [0x92380000,0x9a13ad88,0x9a140000)
  from space 6912K, 2% used [0x9a880000,0x9a8af360,0x9af40000)
  to   space 7168K, 0% used [0x9a140000,0x9a140000,0x9a840000)
 ParOldGen       total 42496K, used 11469K [0x69200000, 0x6bb80000, 0x92380000)
  object space 42496K, 26% used [0x69200000,0x69d33620,0x6bb80000)
 Metaspace       used 15100K, capacity 15263K, committed 15384K, reserved 15664K
Event: 31,868 GC heap after
Heap after GC invocations=15 (full 0):
 PSYoungGen      total 135936K, used 409K [0x92380000, 0x9fa40000, 0xa6c00000)
  eden space 128768K, 0% used [0x92380000,0x92380000,0x9a140000)
  from space 7168K, 5% used [0x9a140000,0x9a1a6558,0x9a840000)
  to   space 6912K, 0% used [0x9f380000,0x9f380000,0x9fa40000)
 ParOldGen       total 42496K, used 11469K [0x69200000, 0x6bb80000, 0x92380000)
  object space 42496K, 26% used [0x69200000,0x69d33620,0x6bb80000)
 Metaspace       used 15100K, capacity 15263K, committed 15384K, reserved 15664K
}
Event: 32,649 GC heap before
{Heap before GC invocations=16 (full 0):
 PSYoungGen      total 135936K, used 129019K [0x92380000, 0x9fa40000, 0xa6c00000)
  eden space 128768K, 99% used [0x92380000,0x9a118a68,0x9a140000)
  from space 7168K, 5% used [0x9a140000,0x9a1a6558,0x9a840000)
  to   space 6912K, 0% used [0x9f380000,0x9f380000,0x9fa40000)
 ParOldGen       total 42496K, used 11469K [0x69200000, 0x6bb80000, 0x92380000)
  object space 42496K, 26% used [0x69200000,0x69d33620,0x6bb80000)
 Metaspace       used 15105K, capacity 15263K, committed 15384K, reserved 15664K
Event: 32,658 GC heap after
Heap after GC invocations=16 (full 0):
 PSYoungGen      total 212480K, used 471K [0x92380000, 0x9f9c0000, 0xa6c00000)
  eden space 206080K, 0% used [0x92380000,0x92380000,0x9ecc0000)
  from space 6400K, 7% used [0x9f380000,0x9f3f5e80,0x9f9c0000)
  to   space 6656K, 0% used [0x9ecc0000,0x9ecc0000,0x9f340000)
 ParOldGen       total 42496K, used 11469K [0x69200000, 0x6bb80000, 0x92380000)
  object space 42496K, 26% used [0x69200000,0x69d33620,0x6bb80000)
 Metaspace       used 15105K, capacity 15263K, committed 15384K, reserved 15664K
}
Event: 32,846 GC heap before
{Heap before GC invocations=17 (full 0):
 PSYoungGen      total 212480K, used 206356K [0x92380000, 0x9f9c0000, 0xa6c00000)
  eden space 206080K, 99% used [0x92380000,0x9ec8f538,0x9ecc0000)
  from space 6400K, 7% used [0x9f380000,0x9f3f5e80,0x9f9c0000)
  to   space 6656K, 0% used [0x9ecc0000,0x9ecc0000,0x9f340000)
 ParOldGen       total 42496K, used 11469K [0x69200000, 0x6bb80000, 0x92380000)
  object space 42496K, 26% used [0x69200000,0x69d33620,0x6bb80000)
 Metaspace       used 15105K, capacity 15263K, committed 15384K, reserved 15664K

Deoptimization events (10 events):
Event: 13,296 Thread 0xb6509c00 Uncommon trap: reason=range_check action=none pc=0xa74e0f6c method=sun.reflect.generics.parser.SignatureParser.current()C @ 34
Event: 13,296 Thread 0xb6509c00 Uncommon trap: reason=range_check action=none pc=0xa74e0f6c method=sun.reflect.generics.parser.SignatureParser.current()C @ 34
Event: 13,296 Thread 0xb6509c00 Uncommon trap: reason=range_check action=none pc=0xa74e0f6c method=sun.reflect.generics.parser.SignatureParser.current()C @ 34
Event: 13,924 Thread 0xb6509c00 Uncommon trap: reason=unstable_if action=reinterpret pc=0xa72f0e98 method=java.lang.String.replace(CC)Ljava/lang/String; @ 26
Event: 14,173 Thread 0xb6509c00 Uncommon trap: reason=unstable_if action=reinterpret pc=0xa7505910 method=java.util.HashMap.putVal(ILjava/lang/Object;Ljava/lang/Object;ZZ)Ljava/lang/Object; @ 162
Event: 14,173 Thread 0xb6509c00 Uncommon trap: reason=unstable_if action=reinterpret pc=0xa73056e0 method=java.util.HashMap.getNode(ILjava/lang/Object;)Ljava/util/HashMap$Node; @ 84
Event: 14,173 Thread 0xb6509c00 Uncommon trap: reason=unstable_if action=reinterpret pc=0xa725d578 method=java.util.HashMap.getNode(ILjava/lang/Object;)Ljava/util/HashMap$Node; @ 84
Event: 14,174 Thread 0xb6509c00 Uncommon trap: reason=unstable_if action=reinterpret pc=0xa74b1d14 method=java.util.HashMap.resize()[Ljava/util/HashMap$Node; @ 206
Event: 15,642 Thread 0xb6509c00 Uncommon trap: reason=bimorphic action=maybe_recompile pc=0xa74ac4cc method=java.net.URL.<init>(Ljava/net/URL;Ljava/lang/String;Ljava/net/URLStreamHandler;)V @ 504
Event: 15,830 Thread 0xb6509c00 Uncommon trap: reason=unstable_if action=reinterpret pc=0xa743de3c method=java.lang.reflect.Method.equals(Ljava/lang/Object;)Z @ 1

Internal exceptions (10 events):
Event: 13,295 Thread 0xb6509c00 Exception <a 'java/lang/ArrayIndexOutOfBoundsException': 5> (0x92a2bc30) thrown at [/HUDSON/workspace/8-2-build-linux-i586/jdk8u45/3457/hotspot/src/share/vm/interpreter/interpreterRuntime.cpp, line 366]
Event: 13,295 Thread 0xb6509c00 Exception <a 'java/lang/ArrayIndexOutOfBoundsException': 6> (0x92a2c158) thrown at [/HUDSON/workspace/8-2-build-linux-i586/jdk8u45/3457/hotspot/src/share/vm/interpreter/interpreterRuntime.cpp, line 366]
Event: 13,296 Thread 0xb6509c00 Exception <a 'java/lang/ArrayIndexOutOfBoundsException': 6> (0x92a2e7c8) thrown at [/HUDSON/workspace/8-2-build-linux-i586/jdk8u45/3457/hotspot/src/share/vm/interpreter/interpreterRuntime.cpp, line 366]
Event: 13,296 Thread 0xb6509c00 Exception <a 'java/lang/ArrayIndexOutOfBoundsException': 23> (0x92a2edf0) thrown at [/HUDSON/workspace/8-2-build-linux-i586/jdk8u45/3457/hotspot/src/share/vm/interpreter/interpreterRuntime.cpp, line 366]
Event: 13,296 Thread 0xb6509c00 Exception <a 'java/lang/ArrayIndexOutOfBoundsException': 5> (0x92a2f188) thrown at [/HUDSON/workspace/8-2-build-linux-i586/jdk8u45/3457/hotspot/src/share/vm/interpreter/interpreterRuntime.cpp, line 366]
Event: 13,297 Thread 0xb6509c00 Exception <a 'java/lang/ArrayIndexOutOfBoundsException': 6> (0x92a2f5a8) thrown at [/HUDSON/workspace/8-2-build-linux-i586/jdk8u45/3457/hotspot/src/share/vm/interpreter/interpreterRuntime.cpp, line 366]
Event: 14,097 Thread 0xb6509c00 Exception <a 'java/lang/NoSuchFieldError': method resolution failed> (0x93147c50) thrown at [/HUDSON/workspace/8-2-build-linux-i586/jdk8u45/3457/hotspot/src/share/vm/prims/methodHandles.cpp, line 1125]
Event: 14,103 Thread 0xb6509c00 Exception <a 'java/lang/NoSuchFieldError': method resolution failed> (0x93155090) thrown at [/HUDSON/workspace/8-2-build-linux-i586/jdk8u45/3457/hotspot/src/share/vm/prims/methodHandles.cpp, line 1125]
Event: 15,830 Thread 0xb6509c00 Implicit null exception at 0xa743dd79 to 0xa743de29
Event: 26,229 Thread 0xb6509c00 Exception <a 'java/lang/NullPointerException'> (0x92a58f98) thrown at [/HUDSON/workspace/8-2-build-linux-i586/jdk8u45/3457/hotspot/src/share/vm/interpreter/linkResolver.cpp, line 1178]

Events (10 events):
Event: 32,591 Thread 0x65540000 Thread added: 0x65540000
Event: 32,591 loading class sun/net/www/http/ClientVector
Event: 32,616 loading class sun/net/www/http/ClientVector done
Event: 32,616 Executing VM operation: Deoptimize
Event: 32,616 Executing VM operation: Deoptimize done
Event: 32,616 loading class sun/net/www/http/KeepAliveEntry
Event: 32,630 loading class sun/net/www/http/KeepAliveEntry done
Event: 32,649 Executing VM operation: ParallelGCFailedAllocation
Event: 32,658 Executing VM operation: ParallelGCFailedAllocation done
Event: 32,846 Executing VM operation: ParallelGCFailedAllocation


Dynamic libraries:
08048000-08049000 r-xp 00000000 08:05 12468921   /usr/lib/jvm/java-8-oracle/bin/java
08049000-0804a000 rw-p 00000000 08:05 12468921   /usr/lib/jvm/java-8-oracle/bin/java
09312000-093a1000 rw-p 00000000 00:00 0          [heap]
63a00000-63a72000 rw-p 00000000 00:00 0 
63a72000-63b00000 ---p 00000000 00:00 0 
63baf000-63bb2000 ---p 00000000 00:00 0 
63bb2000-63c00000 rw-p 00000000 00:00 0          [stack:28775]
63c00000-63cfe000 rw-p 00000000 00:00 0 
63cfe000-63d00000 ---p 00000000 00:00 0 
63d00000-63e00000 rw-p 00000000 00:00 0 
63e00000-63f00000 rw-p 00000000 00:00 0 
63f00000-63fc0000 rw-p 00000000 00:00 0 
63fc0000-64000000 ---p 00000000 00:00 0 
64000000-64100000 rw-p 00000000 00:00 0 
64100000-641e1000 rw-p 00000000 00:00 0 
641e1000-64200000 ---p 00000000 00:00 0 
64200000-642fe000 rw-p 00000000 00:00 0 
642fe000-64300000 ---p 00000000 00:00 0 
64300000-64400000 rw-p 00000000 00:00 0 
64400000-644ff000 rw-p 00000000 00:00 0 
644ff000-64500000 ---p 00000000 00:00 0 
64533000-64547000 r-xp 00000000 08:05 2621512    /lib/i386-linux-gnu/libresolv-2.21.so
64547000-64549000 r--p 00013000 08:05 2621512    /lib/i386-linux-gnu/libresolv-2.21.so
64549000-6454a000 rw-p 00015000 08:05 2621512    /lib/i386-linux-gnu/libresolv-2.21.so
6454a000-6464c000 rw-p 00000000 00:00 0 
6464c000-6474c000 rw-p 00000000 00:00 0 
6474c000-6474f000 ---p 00000000 00:00 0 
6474f000-6479d000 rw-p 00000000 00:00 0          [stack:28757]
6479d000-647a0000 ---p 00000000 00:00 0 
647a0000-647ee000 rw-p 00000000 00:00 0          [stack:28756]
647ee000-647f1000 ---p 00000000 00:00 0 
647f1000-64a00000 rw-p 00000000 00:00 0          [stack:28755]
64a00000-64b00000 rw-p 00000000 00:00 0 
64b00000-64c00000 rw-p 00000000 00:00 0 
64c00000-64ce6000 rw-p 00000000 00:00 0 
64ce6000-64d00000 ---p 00000000 00:00 0 
64d00000-64e00000 rw-p 00000000 00:00 0 
64e00000-64efd000 rw-p 00000000 00:00 0 
64efd000-64f00000 ---p 00000000 00:00 0 
64f00000-65000000 rw-p 00000000 00:00 0 
65000000-65100000 rw-p 00000000 00:00 0 
65100000-651fd000 rw-p 00000000 00:00 0 
651fd000-65200000 ---p 00000000 00:00 0 
65200000-65300000 rw-p 00000000 00:00 0 
65300000-653fc000 rw-p 00000000 00:00 0 
653fc000-65400000 ---p 00000000 00:00 0 
65400000-654ff000 rw-p 00000000 00:00 0 
654ff000-65500000 ---p 00000000 00:00 0 
65500000-65600000 rw-p 00000000 00:00 0 
65601000-65604000 ---p 00000000 00:00 0 
65604000-65652000 rw-p 00000000 00:00 0          [stack:28754]
65652000-65655000 ---p 00000000 00:00 0 
65655000-656a3000 rw-p 00000000 00:00 0          [stack:28751]
656a3000-65700000 r--s 004a0000 00:28 3932213    /home/mjaque/workspace/Java/Delphos/lib/hibernate-core-4.3.5.Final.jar
65700000-65800000 rw-p 00000000 00:00 0 
65831000-65846000 r-xp 00000000 08:05 12587109   /usr/lib/jvm/java-8-oracle/jre/lib/i386/libnet.so
65846000-65847000 rw-p 00014000 08:05 12587109   /usr/lib/jvm/java-8-oracle/jre/lib/i386/libnet.so
65847000-6585a000 r--s 00344000 08:05 12474672   /usr/lib/jvm/java-8-oracle/jre/lib/resources.jar
6585a000-6585b000 ---p 00000000 00:00 0 
6585b000-658db000 rw-p 00000000 00:00 0          [stack:28740]
658db000-658de000 ---p 00000000 00:00 0 
658de000-6592c000 rw-p 00000000 00:00 0          [stack:28739]
6592c000-6592f000 ---p 00000000 00:00 0 
6592f000-659ad000 rw-p 00000000 00:00 0          [stack:28738]
659ad000-659b0000 ---p 00000000 00:00 0 
659b0000-65a2e000 rw-p 00000000 00:00 0          [stack:28737]
65a2e000-65a31000 ---p 00000000 00:00 0 
65a31000-65aaf000 rw-p 00000000 00:00 0          [stack:28736]
65aaf000-65ab2000 ---p 00000000 00:00 0 
65ab2000-65b00000 rw-p 00000000 00:00 0          [stack:28732]
65b00000-65b21000 rw-p 00000000 00:00 0 
65b21000-65c00000 ---p 00000000 00:00 0 
65c02000-65c07000 r-xp 00000000 08:05 2621511    /lib/i386-linux-gnu/libnss_dns-2.21.so
65c07000-65c08000 r--p 00004000 08:05 2621511    /lib/i386-linux-gnu/libnss_dns-2.21.so
65c08000-65c09000 rw-p 00005000 08:05 2621511    /lib/i386-linux-gnu/libnss_dns-2.21.so
65c09000-65c0b000 r-xp 00000000 08:05 2622629    /lib/i386-linux-gnu/libnss_mdns4_minimal.so.2
65c0b000-65c0c000 r--p 00001000 08:05 2622629    /lib/i386-linux-gnu/libnss_mdns4_minimal.so.2
65c0c000-65c0d000 rw-p 00002000 08:05 2622629    /lib/i386-linux-gnu/libnss_mdns4_minimal.so.2
65c0d000-65c10000 ---p 00000000 00:00 0 
65c10000-65c5e000 rw-p 00000000 00:00 0          [stack:28730]
65c5e000-65c61000 ---p 00000000 00:00 0 
65c61000-65caf000 rw-p 00000000 00:00 0          [stack:28729]
65caf000-65cb2000 ---p 00000000 00:00 0 
65cb2000-65d00000 rw-p 00000000 00:00 0          [stack:28727]
65d00000-65d21000 rw-p 00000000 00:00 0 
65d21000-65e00000 ---p 00000000 00:00 0 
65e02000-65e11000 r-xp 00000000 08:05 12587075   /usr/lib/jvm/java-8-oracle/jre/lib/i386/libnio.so
65e11000-65e12000 rw-p 0000e000 08:05 12587075   /usr/lib/jvm/java-8-oracle/jre/lib/i386/libnio.so
65e12000-65e2e000 r--s 00393000 08:05 12587574   /usr/lib/jvm/java-8-oracle/jre/lib/ext/cldrdata.jar
65e2e000-65e31000 ---p 00000000 00:00 0 
65e31000-65e7f000 rw-p 00000000 00:00 0          [stack:28725]
65e7f000-65e80000 ---p 00000000 00:00 0 
65e80000-65f00000 rw-p 00000000 00:00 0          [stack:28723]
65f00000-65ffb000 rw-p 00000000 00:00 0 
65ffb000-66000000 ---p 00000000 00:00 0 
66000000-66008000 r-xp 00000000 08:05 12587056   /usr/lib/jvm/java-8-oracle/jre/lib/i386/libmanagement.so
66008000-66009000 rw-p 00007000 08:05 12587056   /usr/lib/jvm/java-8-oracle/jre/lib/i386/libmanagement.so
66009000-66014000 r--s 00116000 08:05 12587912   /usr/lib/jvm/java-8-oracle/jre/lib/ext/localedata.jar
66014000-66031000 r--s 00151000 00:28 2102106    /home/mjaque/workspace/Java/Delphos/lib/swingx-all-1.6.5-1.jar
66031000-6620a000 r--s 03d09000 08:05 12474684   /usr/lib/jvm/java-8-oracle/jre/lib/rt.jar
6620a000-66650000 rw-p 00000000 00:00 0 
66650000-66656000 ---p 00000000 00:00 0 
66656000-68900000 rw-p 00000000 00:00 0 
68900000-68921000 rw-p 00000000 00:00 0 
68921000-68a00000 ---p 00000000 00:00 0 
68a00000-68a03000 r--s 0001a000 08:05 12474648   /usr/lib/jvm/java-8-oracle/jre/lib/jce.jar
68a03000-68a08000 r--s 00094000 08:05 12474692   /usr/lib/jvm/java-8-oracle/jre/lib/jsse.jar
68a08000-68a0a000 r--s 00013000 00:28 3804237    /home/mjaque/workspace/Java/Delphos/miglayout15-swing.jar
68a0a000-68a11000 r--s 00089000 00:28 3935981    /home/mjaque/workspace/Java/Delphos/lib/sqljdbc41.jar
68a11000-68a14000 r--s 0016f000 00:28 3934015    /home/mjaque/workspace/Java/Delphos/lib/httpcomponents-client-4.3.6-bin.zip
68a14000-68a16000 r--s 00009000 00:28 2098377    /home/mjaque/workspace/Java/Delphos/lib/jdatepicker-1.3.4.jar
68a16000-68a1e000 r--s 0006f000 00:28 3932218    /home/mjaque/workspace/Java/Delphos/lib/c3p0-0.9.5-pre8.jar
68a1e000-68a2e000 r--s 00084000 00:28 3933139    /home/mjaque/workspace/Java/Delphos/lib/mchange-commons-java-0.2.7.jar
68a2e000-68a31000 ---p 00000000 00:00 0 
68a31000-68a7f000 rw-p 00000000 00:00 0          [stack:28724]
68a7f000-68a80000 ---p 00000000 00:00 0 
68a80000-68b00000 rw-p 00000000 00:00 0          [stack:28722]
68b00000-68b21000 rw-p 00000000 00:00 0 
68b21000-68c00000 ---p 00000000 00:00 0 
68c01000-68c04000 r--s 00021000 00:28 2102262    /home/mjaque/workspace/Java/Delphos/lib/jdatepicker-1.3.4-javadoc.jar
68c04000-68c05000 r--s 00009000 00:28 3932226    /home/mjaque/workspace/Java/Delphos/lib/hibernate-c3p0-4.3.6.Final.jar
68c05000-68c07000 r--s 00001000 00:28 3933127    /home/mjaque/workspace/Java/Delphos/lib/slf4j-log4j12-1.7.7.jar
68c07000-68c09000 r--s 00006000 00:28 3932225    /home/mjaque/workspace/Java/Delphos/lib/slf4j-api-1.7.7.jar
68c09000-68c12000 r--s 0006f000 00:28 3933133    /home/mjaque/workspace/Java/Delphos/lib/log4j-1.2.17.jar
68c12000-68c14000 r--s 0002d000 00:28 3933096    /home/mjaque/workspace/Java/Delphos/lib/langdetect.jar
68c14000-68c18000 r--s 00031000 00:28 3933122    /home/mjaque/workspace/Java/Delphos/lib/jsonic-1.2.11.jar
68c18000-68c19000 r--s 00000000 00:28 3933088    /home/mjaque/workspace/Java/Delphos/lib/langdetect-nutch.jar
68c19000-68c27000 r--s 000a1000 00:28 3933103    /home/mjaque/workspace/Java/Delphos/lib/mybatis-3.2.7/mybatis-3.2.7.jar
68c27000-68c2a000 r--s 0001c000 00:28 3932216    /home/mjaque/workspace/Java/Delphos/lib/forms-1.3.0.jar
68c2a000-68c30000 r--s 0003f000 00:28 3932232    /home/mjaque/workspace/Java/Delphos/lib/commons-net-3.3/commons-net-3.3.jar
68c30000-68c7f000 rw-p 00000000 00:00 0 
68c7f000-68c80000 ---p 00000000 00:00 0 
68c80000-68d00000 rw-p 00000000 00:00 0          [stack:28721]
68d00000-68dfc000 rw-p 00000000 00:00 0 
68dfc000-68e00000 ---p 00000000 00:00 0 
68e00000-68e02000 r--s 0000c000 00:28 3933095    /home/mjaque/workspace/Java/Delphos/lib/jboss-logging-3.1.3.GA.jar
68e02000-68e0c000 r--s 000a5000 00:28 3932219    /home/mjaque/workspace/Java/Delphos/lib/javassist-3.18.1-GA.jar
68e0c000-68e0e000 r--s 00011000 00:28 3933131    /home/mjaque/workspace/Java/Delphos/lib/jandex-1.1.0.Final.jar
68e0e000-68e13000 r--s 00017000 00:28 3932224    /home/mjaque/workspace/Java/Delphos/lib/hibernate-jpa-2.1-api-1.0.0.Final.jar
68e13000-68e16000 r--s 00010000 00:28 3933115    /home/mjaque/workspace/Java/Delphos/lib/hibernate-commons-annotations-4.0.4.Final.jar
68e16000-68e1b000 r--s 00048000 00:28 3933124    /home/mjaque/workspace/Java/Delphos/lib/dom4j-1.6.1.jar
68e1b000-68e24000 r--s 000e0000 00:28 3933129    /home/mjaque/workspace/Java/Delphos/lib/mysql-connector-java-5.1.30-bin.jar
68e24000-68e7f000 rw-p 00000000 00:00 0 
68e7f000-68e80000 ---p 00000000 00:00 0 
68e80000-68f00000 rw-p 00000000 00:00 0          [stack:28720]
68f00000-68ffb000 rw-p 00000000 00:00 0 
68ffb000-69000000 ---p 00000000 00:00 0 
69000000-69001000 r--s 00006000 00:28 3932220    /home/mjaque/workspace/Java/Delphos/lib/jboss-transaction-api_1.2_spec-1.0.0.Final.jar
69001000-69006000 r--s 00068000 00:28 3932223    /home/mjaque/workspace/Java/Delphos/lib/antlr-2.7.7.jar
69006000-6900c000 r--s 0007e000 00:28 3933116    /home/mjaque/workspace/Java/Delphos/lib/jsoup-1.7.3-javadoc.jar
6900c000-69012000 r--s 00043000 00:28 3933099    /home/mjaque/workspace/Java/Delphos/lib/jsoup-1.7.3.jar
69012000-69027000 rw-p 00000000 00:00 0 
69027000-6915a000 ---p 00000000 00:00 0 
6915a000-691c6000 rw-p 00000000 00:00 0 
691c6000-691ff000 ---p 00000000 00:00 0 
691ff000-6bb80000 rw-p 00000000 00:00 0 
6bb80000-92380000 ---p 00000000 00:00 0 
92380000-9f9c0000 rw-p 00000000 00:00 0 
a47c1000-a4a13000 rw-p 00000000 00:00 0 
a4a13000-a4a1a000 r--s 00000000 08:05 12079893   /usr/lib/i386-linux-gnu/gconv/gconv-modules.cache
a4a1a000-a4a40000 r--p 00000000 08:05 12458961   /usr/share/locale-langpack/es/LC_MESSAGES/libc.mo
a4a40000-a6c00000 ---p 00000000 00:00 0 
a6c00000-a6c02000 r--s 00012000 00:28 3933140    /home/mjaque/workspace/Java/Delphos/lib/libstemmer.jar
a6c02000-a6c04000 r--s 0000c000 00:28 2631854    /home/mjaque/Software/eclipse-java/plugins/org.hamcrest.core_1.3.0.v201303031735.jar
a6c04000-a6c1c000 rw-p 00000000 00:00 0 
a6c1c000-a6c1d000 ---p 00000000 00:00 0 
a6c1d000-a6cb2000 rw-p 00000000 00:00 0          [stack:28719]
a6cb2000-a6de6000 ---p 00000000 00:00 0 
a6de6000-a6df8000 rw-p 00000000 00:00 0 
a6df8000-a71a6000 ---p 00000000 00:00 0 
a71a6000-a75ee000 rwxp 00000000 00:00 0 
a75ee000-b61a6000 ---p 00000000 00:00 0 
b61a6000-b61b2000 r-xp 00000000 08:05 2621499    /lib/i386-linux-gnu/libnss_files-2.21.so
b61b2000-b61b3000 r--p 0000b000 08:05 2621499    /lib/i386-linux-gnu/libnss_files-2.21.so
b61b3000-b61b4000 rw-p 0000c000 08:05 2621499    /lib/i386-linux-gnu/libnss_files-2.21.so
b61b4000-b61cb000 r-xp 00000000 08:05 2621503    /lib/i386-linux-gnu/libnsl-2.21.so
b61cb000-b61cc000 r--p 00016000 08:05 2621503    /lib/i386-linux-gnu/libnsl-2.21.so
b61cc000-b61cd000 rw-p 00017000 08:05 2621503    /lib/i386-linux-gnu/libnsl-2.21.so
b61cd000-b61cf000 rw-p 00000000 00:00 0 
b61cf000-b6300000 r--p 002c8000 08:05 12076077   /usr/lib/locale/locale-archive
b6300000-b6500000 r--p 00000000 08:05 12076077   /usr/lib/locale/locale-archive
b6500000-b65fe000 rw-p 00000000 00:00 0 
b65fe000-b6600000 ---p 00000000 00:00 0 
b6600000-b6601000 r--s 00002000 00:28 3933119    /home/mjaque/workspace/Java/Delphos/lib/jboss-logging-annotations-1.2.0.Beta1.jar
b6601000-b660c000 r-xp 00000000 08:05 2621501    /lib/i386-linux-gnu/libnss_nis-2.21.so
b660c000-b660d000 r--p 0000a000 08:05 2621501    /lib/i386-linux-gnu/libnss_nis-2.21.so
b660d000-b660e000 rw-p 0000b000 08:05 2621501    /lib/i386-linux-gnu/libnss_nis-2.21.so
b660e000-b6614000 r--s 00036000 00:28 3801415    /home/mjaque/Software/eclipse-java/plugins/org.junit_4.11.0.v201303080030/junit.jar
b6614000-b6617000 r-xp 00000000 08:05 12587080   /usr/lib/jvm/java-8-oracle/jre/lib/i386/libdt_socket.so
b6617000-b6618000 rw-p 00003000 08:05 12587080   /usr/lib/jvm/java-8-oracle/jre/lib/i386/libdt_socket.so
b6618000-b6631000 r-xp 00000000 08:05 12587111   /usr/lib/jvm/java-8-oracle/jre/lib/i386/libzip.so
b6631000-b6632000 rw-p 00018000 08:05 12587111   /usr/lib/jvm/java-8-oracle/jre/lib/i386/libzip.so
b6632000-b6669000 r-xp 00000000 08:05 12587101   /usr/lib/jvm/java-8-oracle/jre/lib/i386/libjdwp.so
b6669000-b666a000 rw-p 00037000 08:05 12587101   /usr/lib/jvm/java-8-oracle/jre/lib/i386/libjdwp.so
b666a000-b668e000 r-xp 00000000 08:05 12587106   /usr/lib/jvm/java-8-oracle/jre/lib/i386/libjava.so
b668e000-b668f000 rw-p 00023000 08:05 12587106   /usr/lib/jvm/java-8-oracle/jre/lib/i386/libjava.so
b668f000-b6696000 r-xp 00000000 08:05 2621509    /lib/i386-linux-gnu/librt-2.21.so
b6696000-b6697000 r--p 00006000 08:05 2621509    /lib/i386-linux-gnu/librt-2.21.so
b6697000-b6698000 rw-p 00007000 08:05 2621509    /lib/i386-linux-gnu/librt-2.21.so
b6698000-b669b000 ---p 00000000 00:00 0 
b669b000-b66e9000 rw-p 00000000 00:00 0          [stack:28717]
b66e9000-b6734000 r-xp 00000000 08:05 2621506    /lib/i386-linux-gnu/libm-2.21.so
b6734000-b6735000 r--p 0004a000 08:05 2621506    /lib/i386-linux-gnu/libm-2.21.so
b6735000-b6736000 rw-p 0004b000 08:05 2621506    /lib/i386-linux-gnu/libm-2.21.so
b6736000-b70a9000 r-xp 00000000 08:05 12587117   /usr/lib/jvm/java-8-oracle/jre/lib/i386/server/libjvm.so
b70a9000-b7115000 rw-p 00972000 08:05 12587117   /usr/lib/jvm/java-8-oracle/jre/lib/i386/server/libjvm.so
b7115000-b753b000 rw-p 00000000 00:00 0 
b753b000-b76ef000 r-xp 00000000 08:05 2621505    /lib/i386-linux-gnu/libc-2.21.so
b76ef000-b76f2000 r--p 001b3000 08:05 2621505    /lib/i386-linux-gnu/libc-2.21.so
b76f2000-b76f4000 rw-p 001b6000 08:05 2621505    /lib/i386-linux-gnu/libc-2.21.so
b76f4000-b76f6000 rw-p 00000000 00:00 0 
b76f6000-b76f9000 r-xp 00000000 08:05 2621518    /lib/i386-linux-gnu/libdl-2.21.so
b76f9000-b76fa000 r--p 00002000 08:05 2621518    /lib/i386-linux-gnu/libdl-2.21.so
b76fa000-b76fb000 rw-p 00003000 08:05 2621518    /lib/i386-linux-gnu/libdl-2.21.so
b76fb000-b770f000 r-xp 00000000 08:05 12329432   /usr/lib/jvm/java-8-oracle/lib/i386/jli/libjli.so
b770f000-b7710000 rw-p 00014000 08:05 12329432   /usr/lib/jvm/java-8-oracle/lib/i386/jli/libjli.so
b7710000-b7729000 r-xp 00000000 08:05 2621498    /lib/i386-linux-gnu/libpthread-2.21.so
b7729000-b772a000 r--p 00018000 08:05 2621498    /lib/i386-linux-gnu/libpthread-2.21.so
b772a000-b772b000 rw-p 00019000 08:05 2621498    /lib/i386-linux-gnu/libpthread-2.21.so
b772b000-b772e000 rw-p 00000000 00:00 0 
b772e000-b7736000 rw-s 00000000 08:05 9437252    /tmp/hsperfdata_mjaque/28707
b7736000-b773e000 r-xp 00000000 08:05 2621500    /lib/i386-linux-gnu/libnss_compat-2.21.so
b773e000-b773f000 r--p 00007000 08:05 2621500    /lib/i386-linux-gnu/libnss_compat-2.21.so
b773f000-b7740000 rw-p 00008000 08:05 2621500    /lib/i386-linux-gnu/libnss_compat-2.21.so
b7740000-b7741000 r--p 00531000 08:05 12076077   /usr/lib/locale/locale-archive
b7741000-b7743000 r-xp 00000000 08:05 12587090   /usr/lib/jvm/java-8-oracle/jre/lib/i386/libnpt.so
b7743000-b7744000 rw-p 00001000 08:05 12587090   /usr/lib/jvm/java-8-oracle/jre/lib/i386/libnpt.so
b7744000-b7745000 rw-p 00000000 00:00 0 
b7745000-b7746000 ---p 00000000 00:00 0 
b7746000-b7751000 r-xp 00000000 08:05 12587063   /usr/lib/jvm/java-8-oracle/jre/lib/i386/libverify.so
b7751000-b7752000 rw-p 0000b000 08:05 12587063   /usr/lib/jvm/java-8-oracle/jre/lib/i386/libverify.so
b7752000-b7754000 rw-p 00000000 00:00 0 
b7754000-b7756000 r--p 00000000 00:00 0          [vvar]
b7756000-b7757000 r-xp 00000000 00:00 0          [vdso]
b7757000-b7779000 r-xp 00000000 08:05 2621502    /lib/i386-linux-gnu/ld-2.21.so
b7779000-b777a000 r--p 00021000 08:05 2621502    /lib/i386-linux-gnu/ld-2.21.so
b777a000-b777b000 rw-p 00022000 08:05 2621502    /lib/i386-linux-gnu/ld-2.21.so
bfc77000-bfc78000 rwxp 00000000 00:00 0 
bfca9000-bfccb000 rw-p 00000000 00:00 0          [stack]

VM Arguments:
jvm_args: -agentlib:jdwp=transport=dt_socket,suspend=y,address=localhost:39234 -Dfile.encoding=UTF-8 
java_command: delphos.Crawler 2
java_class_path (initial): /home/mjaque/workspace/Java/Delphos/bin:/home/mjaque/Software/eclipse-java/plugins/org.junit_4.11.0.v201303080030/junit.jar:/home/mjaque/Software/eclipse-java/plugins/org.hamcrest.core_1.3.0.v201303031735.jar:/home/mjaque/workspace/Java/Delphos/lib/jsoup-1.7.3.jar:/home/mjaque/workspace/Java/Delphos/lib/libstemmer.jar:/home/mjaque/workspace/Java/Delphos/lib/jsoup-1.7.3-javadoc.jar:/home/mjaque/workspace/Java/Delphos/lib/mysql-connector-java-5.1.30-bin.jar:/home/mjaque/workspace/Java/Delphos/lib/antlr-2.7.7.jar:/home/mjaque/workspace/Java/Delphos/lib/dom4j-1.6.1.jar:/home/mjaque/workspace/Java/Delphos/lib/hibernate-commons-annotations-4.0.4.Final.jar:/home/mjaque/workspace/Java/Delphos/lib/hibernate-core-4.3.5.Final.jar:/home/mjaque/workspace/Java/Delphos/lib/hibernate-jpa-2.1-api-1.0.0.Final.jar:/home/mjaque/workspace/Java/Delphos/lib/jandex-1.1.0.Final.jar:/home/mjaque/workspace/Java/Delphos/lib/javassist-3.18.1-GA.jar:/home/mjaque/workspace/Java/Delphos/lib/jboss-logging-3.1.3.GA.jar:/home/mjaque/workspace/Java/Delphos/lib/jboss-logging-annotations-1.2.0.Beta1.jar:/home/mjaque/workspace/Java/Delphos/lib/jboss-transaction-api_1.2_spec-1.0.0.Final.jar:/home/mjaque/workspace/Java/Delphos/lib/commons-net-3.3/commons-net-3.3.jar:/home/mjaque/workspace/Java/Delphos/lib/forms-1.3.0.jar:/home/mjaque/workspace/Java/Delphos/lib/mybatis-3.2.7/mybatis-3.2.7.jar:/home/mjaque/workspace/Java/Delphos/lib/langdetect-nutch.jar:/home/mjaque/workspace/Java/Delphos/lib/jsonic-1.2.11.jar:/home/mjaque/workspace/Java/Delphos/lib:/home/mjaque/workspace/Java/Delphos/lib/langdetect.jar:/home/mjaque/workspace/Java/Delphos/lib/log4j-1.2.17.jar:/home/mjaque/workspace/Java/Delphos/lib/slf4j-api-1.7.7.jar:/home/mjaque/workspace/Java/Delphos/lib/slf4j-log4j12-1.7.7.jar:/home/mjaque/workspace/Java/Delphos/lib/hibernate-c3p0-4.3.6.Final.jar:/home/mjaque/workspace/Java/Delphos/lib/mchange-commons-java-0.2.7.jar:/home/mjaque/workspace/Java/Delphos/lib/c3p0-0.9.5-pre8.jar:
Launcher Type: SUN_STANDARD

Environment Variables:
JAVA_HOME=/usr/lib/jvm/java-8-oracle
PATH=/usr/local/sbin:/usr/local/bin:/usr/sbin:/usr/bin:/sbin:/bin:/usr/games:/usr/local/games:/usr/lib/jvm/java-8-oracle/bin:/usr/lib/jvm/java-8-oracle/db/bin:/usr/lib/jvm/java-8-oracle/jre/bin
LD_LIBRARY_PATH=/usr/lib/jvm/java-8-oracle/jre/lib/i386/server:/usr/lib/jvm/java-8-oracle/jre/lib/i386:/usr/lib/jvm/java-8-oracle/jre/../lib/i386:/usr/lib/jvm/java-8-oracle/jre/lib/i386/client:/usr/lib/jvm/java-8-oracle/jre/lib/i386:
SHELL=/bin/bash
DISPLAY=:0

Signal Handlers:
SIGSEGV: [libjvm.so+0x8c29a0], sa_mask[0]=11111111011111111101111111111110, sa_flags=SA_RESTART|SA_SIGINFO
SIGBUS: [libjvm.so+0x8c29a0], sa_mask[0]=11111111011111111101111111111110, sa_flags=SA_RESTART|SA_SIGINFO
SIGFPE: [libjvm.so+0x7432d0], sa_mask[0]=11111111011111111101111111111110, sa_flags=SA_RESTART|SA_SIGINFO
SIGPIPE: [libjvm.so+0x7432d0], sa_mask[0]=11111111011111111101111111111110, sa_flags=SA_RESTART|SA_SIGINFO
SIGXFSZ: [libjvm.so+0x7432d0], sa_mask[0]=11111111011111111101111111111110, sa_flags=SA_RESTART|SA_SIGINFO
SIGILL: [libjvm.so+0x7432d0], sa_mask[0]=11111111011111111101111111111110, sa_flags=SA_RESTART|SA_SIGINFO
SIGUSR1: SIG_DFL, sa_mask[0]=00000000000000000000000000000000, sa_flags=none
SIGUSR2: [libjvm.so+0x744860], sa_mask[0]=00100000000000000000000000000000, sa_flags=SA_RESTART|SA_SIGINFO
SIGHUP: [libjvm.so+0x745d10], sa_mask[0]=11111111011111111101111111111110, sa_flags=SA_RESTART|SA_SIGINFO
SIGINT: [libjvm.so+0x745d10], sa_mask[0]=11111111011111111101111111111110, sa_flags=SA_RESTART|SA_SIGINFO
SIGTERM: [libjvm.so+0x745d10], sa_mask[0]=11111111011111111101111111111110, sa_flags=SA_RESTART|SA_SIGINFO
SIGQUIT: [libjvm.so+0x745d10], sa_mask[0]=11111111011111111101111111111110, sa_flags=SA_RESTART|SA_SIGINFO


---------------  S Y S T E M  ---------------

OS:DISTRIB_ID=Ubuntu
DISTRIB_RELEASE=15.04
DISTRIB_CODENAME=vivid
DISTRIB_DESCRIPTION="Ubuntu 15.04"

uname:Linux 3.19.0-21-generic #21-Ubuntu SMP Sun Jun 14 18:34:06 UTC 2015 i686
libc:glibc 2.21 NPTL 2.21 
rlimit: STACK 8192k, CORE 0k, NPROC 31299, NOFILE 65536, AS infinity
load average:7,47 3,21 2,05

/proc/meminfo:
MemTotal:        4035492 kB
MemFree:          190048 kB
MemAvailable:     170032 kB
Buffers:            7500 kB
Cached:           388604 kB
SwapCached:            0 kB
Active:          3414412 kB
Inactive:         266560 kB
Active(anon):    3369196 kB
Inactive(anon):   217880 kB
Active(file):      45216 kB
Inactive(file):    48680 kB
Unevictable:          64 kB
Mlocked:              64 kB
HighTotal:       3184456 kB
HighFree:          22252 kB
LowTotal:         851036 kB
LowFree:          167796 kB
SwapTotal:             0 kB
SwapFree:              0 kB
Dirty:               980 kB
Writeback:             0 kB
AnonPages:       3285196 kB
Mapped:           210592 kB
Shmem:            301944 kB
Slab:             113204 kB
SReclaimable:      52036 kB
SUnreclaim:        61168 kB
KernelStack:        5896 kB
PageTables:        22856 kB
NFS_Unstable:          0 kB
Bounce:                0 kB
WritebackTmp:          0 kB
CommitLimit:     2017744 kB
Committed_AS:    8012848 kB
VmallocTotal:     122880 kB
VmallocUsed:       18088 kB
VmallocChunk:     101972 kB
AnonHugePages:   1009664 kB
CmaTotal:              0 kB
CmaFree:               0 kB
HugePages_Total:       0
HugePages_Free:        0
HugePages_Rsvd:        0
HugePages_Surp:        0
Hugepagesize:       2048 kB
DirectMap4k:      112632 kB
DirectMap2M:      798720 kB


CPU:total 4 (2 cores per cpu, 2 threads per core) family 6 model 42 stepping 7, cmov, cx8, fxsr, mmx, sse, sse2, sse3, ssse3, sse4.1, sse4.2, popcnt, avx, aes, clmul, ht, tsc, tscinvbit

/proc/cpuinfo:
processor	: 0
vendor_id	: GenuineIntel
cpu family	: 6
model		: 42
model name	: Intel(R) Core(TM) i5-2435M CPU @ 2.40GHz
stepping	: 7
microcode	: 0x23
cpu MHz		: 1431.656
cache size	: 3072 KB
physical id	: 0
siblings	: 4
core id		: 0
cpu cores	: 2
apicid		: 0
initial apicid	: 0
fdiv_bug	: no
f00f_bug	: no
coma_bug	: no
fpu		: yes
fpu_exception	: yes
cpuid level	: 13
wp		: yes
flags		: fpu vme de pse tsc msr pae mce cx8 apic sep mtrr pge mca cmov pat pse36 clflush dts acpi mmx fxsr sse sse2 ss ht tm pbe nx rdtscp lm constant_tsc arch_perfmon pebs bts xtopology nonstop_tsc aperfmperf eagerfpu pni pclmulqdq dtes64 monitor ds_cpl vmx est tm2 ssse3 cx16 xtpr pdcm pcid sse4_1 sse4_2 x2apic popcnt tsc_deadline_timer aes xsave avx lahf_lm ida arat epb pln pts dtherm tpr_shadow vnmi flexpriority ept vpid xsaveopt
bugs		:
bogomips	: 4788.75
clflush size	: 64
cache_alignment	: 64
address sizes	: 36 bits physical, 48 bits virtual
power management:

processor	: 1
vendor_id	: GenuineIntel
cpu family	: 6
model		: 42
model name	: Intel(R) Core(TM) i5-2435M CPU @ 2.40GHz
stepping	: 7
microcode	: 0x23
cpu MHz		: 2226.562
cache size	: 3072 KB
physical id	: 0
siblings	: 4
core id		: 0
cpu cores	: 2
apicid		: 1
initial apicid	: 1
fdiv_bug	: no
f00f_bug	: no
coma_bug	: no
fpu		: yes
fpu_exception	: yes
cpuid level	: 13
wp		: yes
flags		: fpu vme de pse tsc msr pae mce cx8 apic sep mtrr pge mca cmov pat pse36 clflush dts acpi mmx fxsr sse sse2 ss ht tm pbe nx rdtscp lm constant_tsc arch_perfmon pebs bts xtopology nonstop_tsc aperfmperf eagerfpu pni pclmulqdq dtes64 monitor ds_cpl vmx est tm2 ssse3 cx16 xtpr pdcm pcid sse4_1 sse4_2 x2apic popcnt tsc_deadline_timer aes xsave avx lahf_lm ida arat epb pln pts dtherm tpr_shadow vnmi flexpriority ept vpid xsaveopt
bugs		:
bogomips	: 4788.75
clflush size	: 64
cache_alignment	: 64
address sizes	: 36 bits physical, 48 bits virtual
power management:

processor	: 2
vendor_id	: GenuineIntel
cpu family	: 6
model		: 42
model name	: Intel(R) Core(TM) i5-2435M CPU @ 2.40GHz
stepping	: 7
microcode	: 0x23
cpu MHz		: 1462.875
cache size	: 3072 KB
physical id	: 0
siblings	: 4
core id		: 1
cpu cores	: 2
apicid		: 2
initial apicid	: 2
fdiv_bug	: no
f00f_bug	: no
coma_bug	: no
fpu		: yes
fpu_exception	: yes
cpuid level	: 13
wp		: yes
flags		: fpu vme de pse tsc msr pae mce cx8 apic sep mtrr pge mca cmov pat pse36 clflush dts acpi mmx fxsr sse sse2 ss ht tm pbe nx rdtscp lm constant_tsc arch_perfmon pebs bts xtopology nonstop_tsc aperfmperf eagerfpu pni pclmulqdq dtes64 monitor ds_cpl vmx est tm2 ssse3 cx16 xtpr pdcm pcid sse4_1 sse4_2 x2apic popcnt tsc_deadline_timer aes xsave avx lahf_lm ida arat epb pln pts dtherm tpr_shadow vnmi flexpriority ept vpid xsaveopt
bugs		:
bogomips	: 4788.75
clflush size	: 64
cache_alignment	: 64
address sizes	: 36 bits physical, 48 bits virtual
power management:

processor	: 3
vendor_id	: GenuineIntel
cpu family	: 6
model		: 42
model name	: Intel(R) Core(TM) i5-2435M CPU @ 2.40GHz
stepping	: 7
microcode	: 0x23
cpu MHz		: 2128.687
cache size	: 3072 KB
physical id	: 0
siblings	: 4
core id		: 1
cpu cores	: 2
apicid		: 3
initial apicid	: 3
fdiv_bug	: no
f00f_bug	: no
coma_bug	: no
fpu		: yes
fpu_exception	: yes
cpuid level	: 13
wp		: yes
flags		: fpu vme de pse tsc msr pae mce cx8 apic sep mtrr pge mca cmov pat pse36 clflush dts acpi mmx fxsr sse sse2 ss ht tm pbe nx rdtscp lm constant_tsc arch_perfmon pebs bts xtopology nonstop_tsc aperfmperf eagerfpu pni pclmulqdq dtes64 monitor ds_cpl vmx est tm2 ssse3 cx16 xtpr pdcm pcid sse4_1 sse4_2 x2apic popcnt tsc_deadline_timer aes xsave avx lahf_lm ida arat epb pln pts dtherm tpr_shadow vnmi flexpriority ept vpid xsaveopt
bugs		:
bogomips	: 4788.75
clflush size	: 64
cache_alignment	: 64
address sizes	: 36 bits physical, 48 bits virtual
power management:



Memory: 4k page, physical 4035492k(190048k free), swap 0k(0k free)

vm_info: Java HotSpot(TM) Server VM (25.45-b02) for linux-x86 JRE (1.8.0_45-b14), built on Apr 10 2015 10:38:30 by "java_re" with gcc 4.3.0 20080428 (Red Hat 4.3.0-8)

time: Fri Jun 26 06:05:43 2015
elapsed time: 37 seconds (0d 0h 0m 37s)

